[SERVER] Running at http://localhost:3000
[STATUS] WhatsApp client is ready
[DEBUG] Message received: "ithe punjabi aundi saaryan nu ver" | fromMe: false
[AUTO] "studio privato" unread: 1/20
[DEBUG] Message received: "all are compulsory punjabi students" | fromMe: false
[AUTO] "studio privato" unread: 2/20
[DEBUG] Message received: "nimish thodi saaare" | fromMe: false
[AUTO] "studio privato" unread: 3/20
[DEBUG] Message received: "Taahi likheya veerji 😂" | fromMe: false
[AUTO] "studio privato" unread: 4/20
[DEBUG] Message received: "Meaning." | fromMe: false
[AUTO] "studio privato" unread: 5/20
[DEBUG] Message received: "tu te kehaa si gaalaan not aalowed" | fromMe: false
[AUTO] "studio privato" unread: 6/20
[DEBUG] Message received: "Damn" | fromMe: true
[DEBUG] Message received: "idiot" | fromMe: false
[AUTO] "studio privato" unread: 7/20
[DEBUG] Message received: "mental" | fromMe: false
[AUTO] "studio privato" unread: 8/20
[DEBUG] Message received: "stupid" | fromMe: false
[AUTO] "studio privato" unread: 9/20
[DEBUG] Message received: "💋" | fromMe: false
[AUTO] "studio privato" unread: 10/20
[DEBUG] Message received: "@182566476886137" | fromMe: false
[AUTO] "studio privato" unread: 11/20
[DEBUG] Message received: "das te dita" | fromMe: false
[AUTO] "studio privato" unread: 12/20
[DEBUG] Message received: "hun kinni waari dasa" | fromMe: false
[AUTO] "studio privato" unread: 13/20
[DEBUG] Message received: "Main vi mtlb hi daseya" | fromMe: false
[AUTO] "studio privato" unread: 14/20
[DEBUG] Message received: "Damnn" | fromMe: true
[DEBUG] Message received: "😂😂😂" | fromMe: false
[AUTO] "studio privato" unread: 15/20
[DEBUG] Message received: "😆😆😆😆😆" | fromMe: false
[AUTO] "studio privato" unread: 16/20
[DEBUG] Message received: "koi na rahul bhaiii" | fromMe: false
[AUTO] "studio privato" unread: 17/20
[DEBUG] Message received: "🙏" | fromMe: false
[AUTO] "studio privato" unread: 18/20
[DEBUG] Message received: "Dekha?" | fromMe: true
[DEBUG] Message received: "Nai" | fromMe: false
[AUTO] "Estudiar" unread: 1/20
[DEBUG] Message received: "Ghar aakr padhayi nai kri" | fromMe: false
[AUTO] "Estudiar" unread: 2/20
[DEBUG] Message received: "Chl soja fir" | fromMe: true
